#
# There is insufficient memory for the Java Runtime Environment to continue.
# Native memory allocation (malloc) failed to allocate 224656 bytes for Chunk::new
# Possible reasons:
#   The system is out of physical RAM or swap space
#   In 32 bit mode, the process size limit was hit
# Possible solutions:
#   Reduce memory load on the system
#   Increase physical memory or swap space
#   Check if swap backing store is full
#   Use 64 bit Java on a 64 bit OS
#   Decrease Java heap size (-Xmx/-Xms)
#   Decrease number of Java threads
#   Decrease Java thread stack sizes (-Xss)
#   Set larger code cache with -XX:ReservedCodeCacheSize=
# This output file may be truncated or incomplete.
#
#  Out of Memory Error (allocation.cpp:390), pid=8328, tid=2708
#
# JRE version: Java(TM) SE Runtime Environment (8.0_25-b18) (build 1.8.0_25-b18)
# Java VM: Java HotSpot(TM) 64-Bit Server VM (25.25-b02 mixed mode windows-amd64 compressed oops)
# Failed to write core dump. Minidumps are not enabled by default on client versions of Windows
#

---------------  T H R E A D  ---------------

Current thread (0x0000000016c9e800):  JavaThread "C2 CompilerThread1" daemon [_thread_in_native, id=2708, stack(0x0000000018300000,0x0000000018400000)]

Stack: [0x0000000018300000,0x0000000018400000]
Native frames: (J=compiled Java code, j=interpreted, Vv=VM code, C=native code)
V  [jvm.dll+0x31667a]
V  [jvm.dll+0x267073]
V  [jvm.dll+0x267cb3]
V  [jvm.dll+0x25f5b5]
V  [jvm.dll+0xbf165]
V  [jvm.dll+0xbf60c]
V  [jvm.dll+0x478fbc]
V  [jvm.dll+0x446103]
V  [jvm.dll+0x45130e]
V  [jvm.dll+0x4538f8]
V  [jvm.dll+0x437372]
V  [jvm.dll+0x98a02]
V  [jvm.dll+0x991f3]
V  [jvm.dll+0x22bde4]
V  [jvm.dll+0x2852fa]
C  [msvcr100.dll+0x21d9f]
C  [msvcr100.dll+0x21e3b]
C  [KERNEL32.DLL+0x13d2]
C  [ntdll.dll+0x6e954]


Current CompileTask:
C2:  82179 2567   !   4       sun.java2d.SunGraphics2D::drawString (132 bytes)


---------------  P R O C E S S  ---------------

Java Threads: ( => current thread )
  0x000000001d3c6000 JavaThread "Image Fetcher 2" daemon [_thread_blocked, id=9904, stack(0x00000000193f0000,0x00000000194f0000)]
  0x000000001d3c9000 JavaThread "Image Fetcher 1" daemon [_thread_blocked, id=8172, stack(0x00000000192f0000,0x00000000193f0000)]
  0x000000001d3c5800 JavaThread "Image Fetcher 0" daemon [_thread_blocked, id=10572, stack(0x00000000191f0000,0x00000000192f0000)]
  0x000000001d3c7800 JavaThread "Image Fetcher 3" daemon [_thread_blocked, id=10164, stack(0x00000000190f0000,0x00000000191f0000)]
  0x000000001d3c7000 JavaThread "Direct Clip" daemon [_thread_blocked, id=3944, stack(0x000000001f550000,0x000000001f650000)]
  0x000000001d3ca000 JavaThread "Java Sound Event Dispatcher" daemon [_thread_blocked, id=5000, stack(0x000000001ed40000,0x000000001ee40000)]
  0x0000000002070800 JavaThread "DestroyJavaVM" [_thread_blocked, id=11096, stack(0x0000000001f70000,0x0000000002070000)]
  0x000000001ac76000 JavaThread "Thread-2" [_thread_in_native, id=10900, stack(0x000000001c7b0000,0x000000001c8b0000)]
  0x000000001ac61000 JavaThread "D3D Screen Updater" daemon [_thread_in_native, id=6116, stack(0x000000001c0a0000,0x000000001c1a0000)]
  0x000000001ac3c800 JavaThread "TimerQueue" daemon [_thread_blocked, id=10248, stack(0x000000001b4f0000,0x000000001b5f0000)]
  0x000000001ac0c800 JavaThread "AWT-EventQueue-0" [_thread_blocked, id=8928, stack(0x000000001b3f0000,0x000000001b4f0000)]
  0x0000000018850800 JavaThread "AWT-Windows" daemon [_thread_in_native, id=9568, stack(0x0000000018ef0000,0x0000000018ff0000)]
  0x000000001884f800 JavaThread "AWT-Shutdown" [_thread_blocked, id=11256, stack(0x0000000018df0000,0x0000000018ef0000)]
  0x000000001884c800 JavaThread "Java2D Disposer" daemon [_thread_blocked, id=188, stack(0x0000000018cf0000,0x0000000018df0000)]
  0x0000000018518800 JavaThread "Service Thread" daemon [_thread_blocked, id=5764, stack(0x0000000018900000,0x0000000018a00000)]
  0x0000000016ca7000 JavaThread "C1 CompilerThread2" daemon [_thread_blocked, id=10624, stack(0x0000000018400000,0x0000000018500000)]
=>0x0000000016c9e800 JavaThread "C2 CompilerThread1" daemon [_thread_in_native, id=2708, stack(0x0000000018300000,0x0000000018400000)]
  0x0000000016c9a800 JavaThread "C2 CompilerThread0" daemon [_thread_in_native, id=3592, stack(0x0000000018200000,0x0000000018300000)]
  0x0000000016c98000 JavaThread "Attach Listener" daemon [_thread_blocked, id=7564, stack(0x0000000018100000,0x0000000018200000)]
  0x0000000016ca3000 JavaThread "Signal Dispatcher" daemon [_thread_blocked, id=8804, stack(0x0000000018000000,0x0000000018100000)]
  0x0000000002162000 JavaThread "Finalizer" daemon [_thread_blocked, id=8160, stack(0x0000000017f00000,0x0000000018000000)]
  0x0000000016c68800 JavaThread "Reference Handler" daemon [_thread_blocked, id=7056, stack(0x0000000017e00000,0x0000000017f00000)]

Other Threads:
  0x0000000016c66000 VMThread [stack: 0x0000000017d00000,0x0000000017e00000] [id=7296]
  0x0000000016cfe800 WatcherThread [stack: 0x0000000018a00000,0x0000000018b00000] [id=7412]

VM state:not at safepoint (normal execution)

VM Mutex/Monitor currently owned by a thread: None

Heap:
 PSYoungGen      total 37376K, used 2685K [0x00000000d5f00000, 0x00000000d9080000, 0x0000000100000000)
  eden space 26112K, 7% used [0x00000000d5f00000,0x00000000d60df510,0x00000000d7880000)
  from space 11264K, 6% used [0x00000000d8580000,0x00000000d8640000,0x00000000d9080000)
  to   space 12288K, 0% used [0x00000000d7880000,0x00000000d7880000,0x00000000d8480000)
 ParOldGen       total 87552K, used 44060K [0x0000000081c00000, 0x0000000087180000, 0x00000000d5f00000)
  object space 87552K, 50% used [0x0000000081c00000,0x00000000847072d8,0x0000000087180000)
 Metaspace       used 15024K, capacity 15216K, committed 15616K, reserved 1062912K
  class space    used 1911K, capacity 1957K, committed 2048K, reserved 1048576K

Card table byte_map: [0x0000000011530000,0x0000000011930000] byte_map_base: 0x0000000011122000

Marking Bits: (ParMarkBitMap*) 0x0000000077a0d490
 Begin Bits: [0x0000000011fe0000, 0x0000000013f70000)
 End Bits:   [0x0000000013f70000, 0x0000000015f00000)

Polling page: 0x0000000000660000

CodeCache: size=245760Kb used=7927Kb max_used=8322Kb free=237832Kb
 bounds [0x0000000002170000, 0x00000000029c0000, 0x0000000011170000]
 total_blobs=2690 nmethods=2142 adapters=459
 compilation: enabled

Compilation events (10 events):
Event: 81.558 Thread 0x0000000016ca7000 2594       1       com.sun.media.sound.AbstractDataLine::isActive (5 bytes)
Event: 81.558 Thread 0x0000000016ca7000 nmethod 2594 0x0000000002782090 code [0x00000000027821e0, 0x00000000027822f0]
Event: 81.560 Thread 0x0000000016ca7000 2595       3       com.sun.media.sound.Toolkit::align (13 bytes)
Event: 81.560 Thread 0x0000000016ca7000 nmethod 2595 0x000000000257da90 code [0x000000000257dbe0, 0x000000000257dd90]
Event: 81.560 Thread 0x0000000016ca7000 2596   !   3       com.sun.media.sound.DirectAudioDevice$DirectDL::write (344 bytes)
Event: 81.565 Thread 0x0000000016ca7000 nmethod 2596 0x0000000002741950 code [0x0000000002741cc0, 0x00000000027440c8]
Event: 81.961 Thread 0x0000000016ca7000 2598   !   3       java.lang.ref.Finalizer::remove (94 bytes)
Event: 81.962 Thread 0x0000000016ca7000 nmethod 2598 0x000000000257d310 code [0x000000000257d480, 0x000000000257d950]
Event: 81.962 Thread 0x0000000016ca7000 2599       3       java.io.FileInputStream::finalize (22 bytes)
Event: 81.963 Thread 0x0000000016ca7000 nmethod 2599 0x000000000229f5d0 code [0x000000000229f740, 0x000000000229f9c8]

GC Heap History (10 events):
Event: 55.159 GC heap before
{Heap before GC invocations=14 (full 0):
 PSYoungGen      total 29184K, used 28768K [0x00000000d5f00000, 0x00000000d9900000, 0x0000000100000000)
  eden space 28672K, 100% used [0x00000000d5f00000,0x00000000d7b00000,0x00000000d7b00000)
  from space 512K, 18% used [0x00000000d7b80000,0x00000000d7b98000,0x00000000d7c00000)
  to   space 15360K, 0% used [0x00000000d8a00000,0x00000000d8a00000,0x00000000d9900000)
 ParOldGen       total 87552K, used 43952K [0x0000000081c00000, 0x0000000087180000, 0x00000000d5f00000)
  object space 87552K, 50% used [0x0000000081c00000,0x00000000846ec2c8,0x0000000087180000)
 Metaspace       used 14938K, capacity 15152K, committed 15360K, reserved 1062912K
  class space    used 1911K, capacity 1957K, committed 2048K, reserved 1048576K
Event: 55.190 GC heap after
Heap after GC invocations=14 (full 0):
 PSYoungGen      total 41984K, used 160K [0x00000000d5f00000, 0x00000000d9780000, 0x0000000100000000)
  eden space 28160K, 0% used [0x00000000d5f00000,0x00000000d5f00000,0x00000000d7a80000)
  from space 13824K, 1% used [0x00000000d8a00000,0x00000000d8a28000,0x00000000d9780000)
  to   space 14848K, 0% used [0x00000000d7a80000,0x00000000d7a80000,0x00000000d8900000)
 ParOldGen       total 87552K, used 43996K [0x0000000081c00000, 0x0000000087180000, 0x00000000d5f00000)
  object space 87552K, 50% used [0x0000000081c00000,0x00000000846f72d8,0x0000000087180000)
 Metaspace       used 14938K, capacity 15152K, committed 15360K, reserved 1062912K
  class space    used 1911K, capacity 1957K, committed 2048K, reserved 1048576K
}
Event: 61.668 GC heap before
{Heap before GC invocations=15 (full 0):
 PSYoungGen      total 41984K, used 28320K [0x00000000d5f00000, 0x00000000d9780000, 0x0000000100000000)
  eden space 28160K, 100% used [0x00000000d5f00000,0x00000000d7a80000,0x00000000d7a80000)
  from space 13824K, 1% used [0x00000000d8a00000,0x00000000d8a28000,0x00000000d9780000)
  to   space 14848K, 0% used [0x00000000d7a80000,0x00000000d7a80000,0x00000000d8900000)
 ParOldGen       total 87552K, used 43996K [0x0000000081c00000, 0x0000000087180000, 0x00000000d5f00000)
  object space 87552K, 50% used [0x0000000081c00000,0x00000000846f72d8,0x0000000087180000)
 Metaspace       used 14938K, capacity 15152K, committed 15360K, reserved 1062912K
  class space    used 1911K, capacity 1957K, committed 2048K, reserved 1048576K
Event: 61.698 GC heap after
Heap after GC invocations=15 (full 0):
 PSYoungGen      total 28160K, used 96K [0x00000000d5f00000, 0x00000000d9500000, 0x0000000100000000)
  eden space 27648K, 0% used [0x00000000d5f00000,0x00000000d5f00000,0x00000000d7a00000)
  from space 512K, 18% used [0x00000000d7a80000,0x00000000d7a98000,0x00000000d7b00000)
  to   space 13824K, 0% used [0x00000000d8780000,0x00000000d8780000,0x00000000d9500000)
 ParOldGen       total 87552K, used 44052K [0x0000000081c00000, 0x0000000087180000, 0x00000000d5f00000)
  object space 87552K, 50% used [0x0000000081c00000,0x00000000847052d8,0x0000000087180000)
 Metaspace       used 14938K, capacity 15152K, committed 15360K, reserved 1062912K
  class space    used 1911K, capacity 1957K, committed 2048K, reserved 1048576K
}
Event: 67.673 GC heap before
{Heap before GC invocations=16 (full 0):
 PSYoungGen      total 28160K, used 27744K [0x00000000d5f00000, 0x00000000d9500000, 0x0000000100000000)
  eden space 27648K, 100% used [0x00000000d5f00000,0x00000000d7a00000,0x00000000d7a00000)
  from space 512K, 18% used [0x00000000d7a80000,0x00000000d7a98000,0x00000000d7b00000)
  to   space 13824K, 0% used [0x00000000d8780000,0x00000000d8780000,0x00000000d9500000)
 ParOldGen       total 87552K, used 44052K [0x0000000081c00000, 0x0000000087180000, 0x00000000d5f00000)
  object space 87552K, 50% used [0x0000000081c00000,0x00000000847052d8,0x0000000087180000)
 Metaspace       used 14938K, capacity 15152K, committed 15360K, reserved 1062912K
  class space    used 1911K, capacity 1957K, committed 2048K, reserved 1048576K
Event: 67.772 GC heap after
Heap after GC invocations=16 (full 0):
 PSYoungGen      total 39424K, used 64K [0x00000000d5f00000, 0x00000000d9380000, 0x0000000100000000)
  eden space 27136K, 0% used [0x00000000d5f00000,0x00000000d5f00000,0x00000000d7980000)
  from space 12288K, 0% used [0x00000000d8780000,0x00000000d8790000,0x00000000d9380000)
  to   space 13312K, 0% used [0x00000000d7980000,0x00000000d7980000,0x00000000d8680000)
 ParOldGen       total 87552K, used 44052K [0x0000000081c00000, 0x0000000087180000, 0x00000000d5f00000)
  object space 87552K, 50% used [0x0000000081c00000,0x00000000847052d8,0x0000000087180000)
 Metaspace       used 14938K, capacity 15152K, committed 15360K, reserved 1062912K
  class space    used 1911K, capacity 1957K, committed 2048K, reserved 1048576K
}
Event: 73.426 GC heap before
{Heap before GC invocations=17 (full 0):
 PSYoungGen      total 39424K, used 27200K [0x00000000d5f00000, 0x00000000d9380000, 0x0000000100000000)
  eden space 27136K, 100% used [0x00000000d5f00000,0x00000000d7980000,0x00000000d7980000)
  from space 12288K, 0% used [0x00000000d8780000,0x00000000d8790000,0x00000000d9380000)
  to   space 13312K, 0% used [0x00000000d7980000,0x00000000d7980000,0x00000000d8680000)
 ParOldGen       total 87552K, used 44052K [0x0000000081c00000, 0x0000000087180000, 0x00000000d5f00000)
  object space 87552K, 50% used [0x0000000081c00000,0x00000000847052d8,0x0000000087180000)
 Metaspace       used 14938K, capacity 15152K, committed 15360K, reserved 1062912K
  class space    used 1911K, capacity 1957K, committed 2048K, reserved 1048576K
Event: 73.443 GC heap after
Heap after GC invocations=17 (full 0):
 PSYoungGen      total 27136K, used 32K [0x00000000d5f00000, 0x00000000d9200000, 0x0000000100000000)
  eden space 26624K, 0% used [0x00000000d5f00000,0x00000000d5f00000,0x00000000d7900000)
  from space 512K, 6% used [0x00000000d7980000,0x00000000d7988000,0x00000000d7a00000)
  to   space 12800K, 0% used [0x00000000d8580000,0x00000000d8580000,0x00000000d9200000)
 ParOldGen       total 87552K, used 44052K [0x0000000081c00000, 0x0000000087180000, 0x00000000d5f00000)
  object space 87552K, 50% used [0x0000000081c00000,0x00000000847052d8,0x0000000087180000)
 Metaspace       used 14938K, capacity 15152K, committed 15360K, reserved 1062912K
  class space    used 1911K, capacity 1957K, committed 2048K, reserved 1048576K
}
Event: 81.855 GC heap before
{Heap before GC invocations=18 (full 0):
 PSYoungGen      total 27136K, used 26656K [0x00000000d5f00000, 0x00000000d9200000, 0x0000000100000000)
  eden space 26624K, 100% used [0x00000000d5f00000,0x00000000d7900000,0x00000000d7900000)
  from space 512K, 6% used [0x00000000d7980000,0x00000000d7988000,0x00000000d7a00000)
  to   space 12800K, 0% used [0x00000000d8580000,0x00000000d8580000,0x00000000d9200000)
 ParOldGen       total 87552K, used 44052K [0x0000000081c00000, 0x0000000087180000, 0x00000000d5f00000)
  object space 87552K, 50% used [0x0000000081c00000,0x00000000847052d8,0x0000000087180000)
 Metaspace       used 15024K, capacity 15216K, committed 15616K, reserved 1062912K
  class space    used 1911K, capacity 1957K, committed 2048K, reserved 1048576K
Event: 81.953 GC heap after
Heap after GC invocations=18 (full 0):
 PSYoungGen      total 37376K, used 768K [0x00000000d5f00000, 0x00000000d9080000, 0x0000000100000000)
  eden space 26112K, 0% used [0x00000000d5f00000,0x00000000d5f00000,0x00000000d7880000)
  from space 11264K, 6% used [0x00000000d8580000,0x00000000d8640000,0x00000000d9080000)
  to   space 12288K, 0% used [0x00000000d7880000,0x00000000d7880000,0x00000000d8480000)
 ParOldGen       total 87552K, used 44060K [0x0000000081c00000, 0x0000000087180000, 0x00000000d5f00000)
  object space 87552K, 50% used [0x0000000081c00000,0x00000000847072d8,0x0000000087180000)
 Metaspace       used 15024K, capacity 15216K, committed 15616K, reserved 1062912K
  class space    used 1911K, capacity 1957K, committed 2048K, reserved 1048576K
}

Deoptimization events (10 events):
Event: 81.269 Thread 0x000000001ac0c800 Uncommon trap: reason=class_check action=maybe_recompile pc=0x00000000028e0cec method=javax.swing.JComponent.getInsets(Ljava/awt/Insets;)Ljava/awt/Insets; @ 27
Event: 81.270 Thread 0x000000001ac0c800 Uncommon trap: reason=null_check action=make_not_entrant pc=0x00000000027d57ac method=main.GameGUI$1.getValueAt(II)Ljava/lang/Object; @ 131
Event: 81.275 Thread 0x000000001ac0c800 Uncommon trap: reason=class_check action=maybe_recompile pc=0x000000000284fce8 method=sun.font.GlyphList.mapChars(Lsun/java2d/loops/FontInfo;I)Z @ 4
Event: 81.276 Thread 0x000000001ac0c800 Uncommon trap: reason=class_check action=maybe_recompile pc=0x000000000284fce8 method=sun.font.GlyphList.mapChars(Lsun/java2d/loops/FontInfo;I)Z @ 4
Event: 81.277 Thread 0x000000001ac0c800 Uncommon trap: reason=class_check action=maybe_recompile pc=0x000000000284fce8 method=sun.font.GlyphList.mapChars(Lsun/java2d/loops/FontInfo;I)Z @ 4
Event: 81.278 Thread 0x000000001ac0c800 Uncommon trap: reason=unreached action=reinterpret pc=0x00000000028374cc method=sun.java2d.SunGraphics2D.checkFontInfo(Lsun/java2d/loops/FontInfo;Ljava/awt/Font;Ljava/awt/font/FontRenderContext;)Lsun/java2d/loops/FontInfo; @ 447
Event: 81.278 Thread 0x000000001ac0c800 Uncommon trap: reason=class_check action=maybe_recompile pc=0x000000000283f224 method=sun.font.GlyphList.mapChars(Lsun/java2d/loops/FontInfo;I)Z @ 4
Event: 81.290 Thread 0x000000001ac0c800 Uncommon trap: reason=class_check action=maybe_recompile pc=0x000000000297e91c method=javax.swing.RepaintManager.updateWindows(Ljava/util/Map;)V @ 79
Event: 81.390 Thread 0x000000001ac0c800 Uncommon trap: reason=class_check action=maybe_recompile pc=0x000000000284bbc4 method=sun.font.GlyphList.mapChars(Lsun/java2d/loops/FontInfo;I)Z @ 4
Event: 81.523 Thread 0x000000001ac0c800 Uncommon trap: reason=class_check action=maybe_recompile pc=0x000000000297e91c method=javax.swing.RepaintManager.updateWindows(Ljava/util/Map;)V @ 79

Internal exceptions (10 events):
Event: 13.685 Thread 0x000000001d3c5800 Implicit null exception at 0x000000000239ab4e to 0x000000000239c30d
Event: 13.817 Thread 0x000000001d3c5800 Exception <a 'java/io/FileNotFoundException'> (0x00000000d74c31d8) thrown at [D:\re\workspace\8-2-build-windows-amd64-cygwin\jdk8u25\1677\hotspot\src\share\vm\prims\jni.cpp, line 716]
Event: 13.817 Thread 0x000000001d3c9000 Exception <a 'java/io/FileNotFoundException'> (0x00000000d75ea1d0) thrown at [D:\re\workspace\8-2-build-windows-amd64-cygwin\jdk8u25\1677\hotspot\src\share\vm\prims\jni.cpp, line 716]
Event: 37.193 Thread 0x000000001ac0c800 Implicit null exception at 0x00000000027f815b to 0x00000000027fb56d
Event: 37.193 Thread 0x000000001ac0c800 Implicit null exception at 0x00000000027b0788 to 0x00000000027b0a49
Event: 47.310 Thread 0x000000001d3c7800 Implicit null exception at 0x00000000023ee32b to 0x00000000023ee83d
Event: 47.311 Thread 0x000000001ac76000 Implicit null exception at 0x000000000279acf6 to 0x000000000279b9dd
Event: 52.071 Thread 0x000000001ac0c800 Implicit null exception at 0x00000000029132f3 to 0x0000000002915c05
Event: 81.009 Thread 0x000000001ac0c800 Implicit null exception at 0x00000000025c51e7 to 0x00000000025c5575
Event: 81.270 Thread 0x000000001ac0c800 Implicit null exception at 0x00000000027cfde0 to 0x00000000027d57a2

Events (10 events):
Event: 81.959 Executing VM operation: RevokeBias
Event: 81.959 Executing VM operation: RevokeBias done
Event: 81.959 Executing VM operation: RevokeBias
Event: 81.959 Executing VM operation: RevokeBias done
Event: 81.959 Executing VM operation: BulkRevokeBias
Event: 81.959 Executing VM operation: BulkRevokeBias done
Event: 81.962 Thread 0x0000000016ca7000 flushing nmethod 0x000000000229f350
Event: 81.963 Thread 0x0000000016ca7000 flushing nmethod 0x00000000022bfcd0
Event: 81.963 Thread 0x0000000016ca7000 flushing nmethod 0x00000000022f4a50
Event: 81.963 Thread 0x0000000016ca7000 flushing nmethod 0x00000000022fcc50


Dynamic libraries:
0x00007ff7844e0000 - 0x00007ff784514000 	C:\Program Files\Java\jre1.8.0_25\bin\javaw.exe
0x00007fff1abb0000 - 0x00007fff1ad5c000 	C:\WINDOWS\SYSTEM32\ntdll.dll
0x00007fff1aa70000 - 0x00007fff1abae000 	C:\WINDOWS\system32\KERNEL32.DLL
0x00007fff17dd0000 - 0x00007fff17ee5000 	C:\WINDOWS\system32\KERNELBASE.dll
0x00007fff16680000 - 0x00007fff1670e000 	C:\WINDOWS\system32\apphelp.dll
0x00007fff0c510000 - 0x00007fff0c563000 	C:\WINDOWS\AppPatch\AppPatch64\AcGenral.DLL
0x00007fff1a820000 - 0x00007fff1a8ca000 	C:\WINDOWS\system32\msvcrt.dll
0x00007fff17b30000 - 0x00007fff17b5e000 	C:\WINDOWS\SYSTEM32\SspiCli.dll
0x00007fff1a700000 - 0x00007fff1a754000 	C:\WINDOWS\system32\SHLWAPI.dll
0x00007fff1a8d0000 - 0x00007fff1aa47000 	C:\WINDOWS\system32\USER32.dll
0x00007fff1a1b0000 - 0x00007fff1a344000 	C:\WINDOWS\system32\ole32.dll
0x00007fff18c40000 - 0x00007fff1a158000 	C:\WINDOWS\system32\SHELL32.dll
0x00007fff172a0000 - 0x00007fff172c1000 	C:\WINDOWS\SYSTEM32\USERENV.dll
0x00007fff18290000 - 0x00007fff1833a000 	C:\WINDOWS\system32\ADVAPI32.dll
0x00007fff0bb10000 - 0x00007fff0bb2e000 	C:\WINDOWS\SYSTEM32\MPR.dll
0x00007fff18400000 - 0x00007fff18541000 	C:\WINDOWS\system32\RPCRT4.dll
0x00007fff18800000 - 0x00007fff18859000 	C:\WINDOWS\SYSTEM32\sechost.dll
0x00007fff18a10000 - 0x00007fff18c21000 	C:\WINDOWS\SYSTEM32\combase.dll
0x00007fff186a0000 - 0x00007fff187f1000 	C:\WINDOWS\system32\GDI32.dll
0x00007fff17d00000 - 0x00007fff17d15000 	C:\WINDOWS\SYSTEM32\profapi.dll
0x00007fff15df0000 - 0x00007fff15ea2000 	C:\WINDOWS\SYSTEM32\SHCORE.dll
0x00007fff1a160000 - 0x00007fff1a196000 	C:\WINDOWS\system32\IMM32.DLL
0x00007fff1a5a0000 - 0x00007fff1a6f1000 	C:\WINDOWS\system32\MSCTF.dll
0x00007fff15620000 - 0x00007fff1589b000 	C:\WINDOWS\WinSxS\amd64_microsoft.windows.common-controls_6595b64144ccf1df_6.0.9600.17415_none_6240486fecbd8abb\COMCTL32.dll
0x00000000770d0000 - 0x00000000771a2000 	C:\Program Files\Java\jre1.8.0_25\bin\msvcr100.dll
0x0000000077230000 - 0x0000000077a8a000 	C:\Program Files\Java\jre1.8.0_25\bin\server\jvm.dll
0x00007fff0fce0000 - 0x00007fff0fce9000 	C:\WINDOWS\SYSTEM32\WSOCK32.dll
0x00007fff15230000 - 0x00007fff15252000 	C:\WINDOWS\SYSTEM32\WINMM.dll
0x00007fff1aa60000 - 0x00007fff1aa67000 	C:\WINDOWS\system32\PSAPI.DLL
0x00007fff18230000 - 0x00007fff1828a000 	C:\WINDOWS\system32\WS2_32.dll
0x00007fff15200000 - 0x00007fff1522a000 	C:\WINDOWS\SYSTEM32\WINMMBASE.dll
0x00007fff1a1a0000 - 0x00007fff1a1a9000 	C:\WINDOWS\system32\NSI.dll
0x00007fff181e0000 - 0x00007fff1822f000 	C:\WINDOWS\SYSTEM32\cfgmgr32.dll
0x00007fff16af0000 - 0x00007fff16b18000 	C:\WINDOWS\SYSTEM32\DEVOBJ.dll
0x0000000050440000 - 0x000000005044f000 	C:\Program Files\Java\jre1.8.0_25\bin\verify.dll
0x0000000077200000 - 0x0000000077228000 	C:\Program Files\Java\jre1.8.0_25\bin\java.dll
0x0000000050420000 - 0x0000000050436000 	C:\Program Files\Java\jre1.8.0_25\bin\zip.dll
0x0000000076f30000 - 0x00000000770c8000 	C:\Program Files\Java\jre1.8.0_25\bin\awt.dll
0x00007fff185b0000 - 0x00007fff18671000 	C:\WINDOWS\system32\OLEAUT32.dll
0x00007fff160d0000 - 0x00007fff160f1000 	C:\WINDOWS\system32\DWMAPI.DLL
0x00007fff162f0000 - 0x00007fff16419000 	C:\WINDOWS\system32\uxtheme.dll
0x00007fff14450000 - 0x00007fff144fb000 	C:\Program Files\Common Files\microsoft shared\ink\tiptsf.dll
0x00007fff16b40000 - 0x00007fff16b4b000 	C:\WINDOWS\SYSTEM32\kernel.appcore.dll
0x00007fff17bd0000 - 0x00007fff17bdb000 	C:\WINDOWS\SYSTEM32\CRYPTBASE.dll
0x00007fff17b60000 - 0x00007fff17bc3000 	C:\WINDOWS\SYSTEM32\bcryptPrimitives.dll
0x00007ffefe6c0000 - 0x00007ffefe8ef000 	C:\Program Files\Acer\Acer Power Management\SysHook.dll
0x00007fff15ed0000 - 0x00007fff15ed7000 	C:\WINDOWS\SYSTEM32\MSIMG32.dll
0x00007fff18340000 - 0x00007fff183f6000 	C:\WINDOWS\system32\COMDLG32.dll
0x00007fff0cb80000 - 0x00007fff0cc02000 	C:\WINDOWS\SYSTEM32\WINSPOOL.DRV
0x00007fff0bfa0000 - 0x00007fff0c150000 	C:\WINDOWS\WinSxS\amd64_microsoft.windows.gdiplus_6595b64144ccf1df_1.1.9600.17415_none_932b3b5547500489\gdiplus.dll
0x00007fff122a0000 - 0x00007fff1230a000 	C:\WINDOWS\SYSTEM32\OLEACC.dll
0x00007ffef6660000 - 0x00007ffef6881000 	C:\WINDOWS\system32\d3d9.dll
0x00007fff10270000 - 0x00007fff1027a000 	C:\WINDOWS\SYSTEM32\VERSION.dll
0x00007ffef4b70000 - 0x00007ffef5b37000 	C:\WINDOWS\SYSTEM32\igdumdim64.dll
0x00007fff14510000 - 0x00007fff14970000 	C:\WINDOWS\SYSTEM32\igdusc64.dll
0x0000000076ee0000 - 0x0000000076f27000 	C:\Program Files\Java\jre1.8.0_25\bin\fontmanager.dll
0x0000000050000000 - 0x000000005001a000 	C:\Program Files\Java\jre1.8.0_25\bin\net.dll
0x00007fff17510000 - 0x00007fff17569000 	C:\WINDOWS\system32\mswsock.dll
0x00000000771e0000 - 0x00000000771f1000 	C:\Program Files\Java\jre1.8.0_25\bin\nio.dll
0x0000000076e90000 - 0x0000000076ed1000 	C:\Program Files\Java\jre1.8.0_25\bin\t2k.dll
0x00007fff1a760000 - 0x00007fff1a816000 	C:\WINDOWS\SYSTEM32\clbcatq.dll
0x00007fff14af0000 - 0x00007fff14c9e000 	C:\WINDOWS\SYSTEM32\WindowsCodecs.dll
0x00007fff17570000 - 0x00007fff17590000 	C:\WINDOWS\SYSTEM32\CRYPTSP.dll
0x00007fff17190000 - 0x00007fff171c6000 	C:\WINDOWS\system32\rsaenh.dll
0x00007fff177c0000 - 0x00007fff177e6000 	C:\WINDOWS\SYSTEM32\bcrypt.dll
0x00007fff0d5f0000 - 0x00007fff0d605000 	C:\WINDOWS\system32\napinsp.dll
0x00007fff0c6f0000 - 0x00007fff0c70a000 	C:\WINDOWS\system32\pnrpnsp.dll
0x00007fff135c0000 - 0x00007fff135db000 	C:\WINDOWS\system32\NLAapi.dll
0x00007fff17310000 - 0x00007fff173b4000 	C:\WINDOWS\SYSTEM32\DNSAPI.dll
0x00007fff0e8c0000 - 0x00007fff0e8cd000 	C:\WINDOWS\System32\winrnr.dll
0x00007fff0c6d0000 - 0x00007fff0c6e4000 	C:\WINDOWS\system32\wshbth.dll
0x00007fff0fcd0000 - 0x00007fff0fcda000 	C:\Windows\System32\rasadhlp.dll
0x00007fff121d0000 - 0x00007fff121fa000 	C:\WINDOWS\SYSTEM32\IPHLPAPI.DLL
0x00007fff121c0000 - 0x00007fff121ca000 	C:\WINDOWS\SYSTEM32\WINNSI.DLL
0x00007fff11c20000 - 0x00007fff11c8b000 	C:\WINDOWS\System32\fwpuclnt.dll
0x0000000076e50000 - 0x0000000076e81000 	C:\Program Files\Java\jre1.8.0_25\bin\jpeg.dll
0x0000000076e40000 - 0x0000000076e4c000 	C:\Program Files\Java\jre1.8.0_25\bin\jsound.dll
0x0000000076e30000 - 0x0000000076e3b000 	C:\Program Files\Java\jre1.8.0_25\bin\jsoundds.dll
0x00007fff0abe0000 - 0x00007fff0ac7d000 	C:\WINDOWS\SYSTEM32\DSOUND.dll
0x00007fff17ca0000 - 0x00007fff17ce6000 	C:\WINDOWS\SYSTEM32\POWRPROF.dll
0x00007fff13640000 - 0x00007fff136b0000 	C:\WINDOWS\SYSTEM32\MMDevAPI.DLL
0x00007fff11be0000 - 0x00007fff11c1e000 	C:\WINDOWS\SYSTEM32\wdmaud.drv
0x00007fff12490000 - 0x00007fff12498000 	C:\WINDOWS\SYSTEM32\ksuser.dll
0x00007fff158a0000 - 0x00007fff158ac000 	C:\WINDOWS\SYSTEM32\AVRT.dll
0x0000000076e00000 - 0x0000000076e2a000 	C:\Program Files\Java\jre1.8.0_25\bin\dcpr.dll
0x00007fff04800000 - 0x00007fff0487e000 	C:\WINDOWS\SYSTEM32\AUDIOSES.DLL
0x00007fff16030000 - 0x00007fff1603b000 	C:\WINDOWS\SYSTEM32\msacm32.drv
0x00007fff13120000 - 0x00007fff1313c000 	C:\WINDOWS\SYSTEM32\MSACM32.dll
0x00007fff15260000 - 0x00007fff1526a000 	C:\WINDOWS\SYSTEM32\midimap.dll
0x00007fff158b0000 - 0x00007fff15a3a000 	C:\WINDOWS\SYSTEM32\dbghelp.dll

VM Arguments:
jvm_args: -Dfile.encoding=Cp1252 
java_command: client.ClientGUI
java_class_path (initial): C:\Users\Adeel\Desktop\MagicRealm\MR-N26\bin
Launcher Type: SUN_STANDARD

Environment Variables:
PATH=C:/Program Files/Java/jre1.8.0_25/bin/server;C:/Program Files/Java/jre1.8.0_25/bin;C:/Program Files/Java/jre1.8.0_25/lib/amd64;C:\ProgramData\Oracle\Java\javapath;C:\Program Files (x86)\Intel\iCLS Client\;C:\Program Files\Intel\iCLS Client\;C:\WINDOWS\system32;C:\WINDOWS;C:\WINDOWS\System32\Wbem;C:\WINDOWS\System32\WindowsPowerShell\v1.0\;C:\Program Files (x86)\Intel\OpenCL SDK\2.0\bin\x86;C:\Program Files (x86)\Intel\OpenCL SDK\2.0\bin\x64;C:\Program Files\Intel\Intel(R) Management Engine Components\DAL;C:\Program Files\Intel\Intel(R) Management Engine Components\IPT;C:\Program Files (x86)\Intel\Intel(R) Management Engine Components\DAL;C:\Program Files (x86)\Intel\Intel(R) Management Engine Components\IPT;C:\Program Files\Condusiv Technologies\ExpressCache\;C:\Users\Adeel\Desktop\Eclipse;
USERNAME=AdyPC
OS=Windows_NT
PROCESSOR_IDENTIFIER=Intel64 Family 6 Model 58 Stepping 9, GenuineIntel



---------------  S Y S T E M  ---------------

OS: Windows 8.1 , 64 bit Build 9600 

CPU:total 4 (2 cores per cpu, 2 threads per core) family 6 model 58 stepping 9, cmov, cx8, fxsr, mmx, sse, sse2, sse3, ssse3, sse4.1, sse4.2, popcnt, avx, aes, clmul, erms, ht, tsc, tscinvbit, tscinv

Memory: 4k page, physical 8269080k(2343032k free), swap 33434904k(6388k free)

vm_info: Java HotSpot(TM) 64-Bit Server VM (25.25-b02) for windows-amd64 JRE (1.8.0_25-b18), built on Oct  7 2014 14:25:37 by "java_re" with MS VC++ 10.0 (VS2010)

time: Wed Apr 08 17:03:39 2015
elapsed time: 82 seconds (0d 0h 1m 22s)

